Vivado Simulator 2020.2
Copyright 1986-1999, 2001-2020 Xilinx, Inc. All Rights Reserved.
Running: D:/Xilinx/Vivado/2020.2/bin/unwrapped/win64.o/xelab.exe -wto 8a5700efe8934faa89a64bef10ff8093 --incr --debug typical --relax --mt 2 -L xil_defaultlib -L xilinx_vip -L unisims_ver -L unimacro_ver -L secureip -L xpm --snapshot inference_bram_interface_behav xil_defaultlib.inference_bram_interface xil_defaultlib.glbl -log elaborate.log 
Using 2 slave threads.
Starting static elaboration
Pass Through NonSizing Optimizer
Completed static elaboration
Starting simulation data flow analysis
Completed simulation data flow analysis
Time Resolution for simulation is 1ps
Compiling module xil_defaultlib.literal_generation
Compiling module xil_defaultlib.clause_class_compare
Compiling module xil_defaultlib.clause_class_decoding
Compiling module xil_defaultlib.summation
Compiling module xil_defaultlib.clause_and_sum
Compiling module xil_defaultlib.class_predictor
Compiling module xil_defaultlib.include_only_inference
Compiling module xil_defaultlib.inference_bram_interface
Compiling module xil_defaultlib.glbl
Built simulation snapshot inference_bram_interface_behav
